[Forgot Password Test] Starting Forgot Password Integration Tests...
[Forgot Password Test] Cleared localStorage.
[Forgot Password Test] Registering user ResetScholar...
[Forgot Password Test] Fetching signup OTP from backend...
[Forgot Password Test] PASS: Retrieved 6-digit Sign Up OTP from backend: 292900
[Forgot Password Test] Submitting verification code for Sign Up...
[Forgot Password Test] PASS: Successfully registered and logged in
[Forgot Password Test] Logging out...
[Forgot Password Test] Logged out successfully.
[Forgot Password Test] Clicking 'Forgot password?' link...
[Forgot Password Test] PASS: Forgot password form is now visible
[Forgot Password Test] PASS: Login form is hidden
[Forgot Password Test] Submitting password recovery request...
[Forgot Password Test] Fetching latest recovery OTP from backend...
[Forgot Password Test] PASS: Retrieved 6-digit recovery OTP from backend: 802559
[Forgot Password Test] PASS: Reset password panel is now visible
[Forgot Password Test] Submitting password reset form...
[Forgot Password Test] PASS: Auth overlay hidden (successful password reset and login)
[Forgot Password Test] PASS: Logged in as ResetScholar post-reset
[Forgot Password Test] Logging out again to test new credentials...
[Forgot Password Test] Attempting login with OLD password (should fail)...
[Forgot Password Test] PASS: Login with old password failed (auth overlay remains visible)
[Forgot Password Test] PASS: Login error message is displayed
[Forgot Password Test] Attempting login with NEW password (should succeed)...
[Forgot Password Test] PASS: Login with new password succeeded (auth overlay hidden)
[Forgot Password Test] TEST_RESULT: SUCCESS
